<?xml version="1.0" encoding="UTF-8"?><testrun name="Testrunner (2)" project="com.maven_29_jan_demo23" tests="2" started="2" failures="0" errors="2" ignored="0">
  <testsuite name="com.acc_cucumber_login.Testrunner" time="0.365">
    <testsuite name="Feature: Login Action" time="0.365">
      <testcase name="Successful Login with Valid Credentials" classname="Login Action" time="0.354">
        <error>java.lang.IllegalStateException: The driver executable does not exist: C:\cucumber_27jan\com.maven_29_jan_demo23\‪C:\chromedriver_win32\chromedriver.exe&#13;
	at com.google.common.base.Preconditions.checkState(Preconditions.java:585)&#13;
	at org.openqa.selenium.remote.service.DriverService.checkExecutable(DriverService.java:137)&#13;
	at org.openqa.selenium.remote.service.DriverService.findExecutable(DriverService.java:132)&#13;
	at org.openqa.selenium.chrome.ChromeDriverService.access$000(ChromeDriverService.java:35)&#13;
	at org.openqa.selenium.chrome.ChromeDriverService$Builder.findDefaultExecutable(ChromeDriverService.java:156)&#13;
	at org.openqa.selenium.remote.service.DriverService$Builder.build(DriverService.java:346)&#13;
	at org.openqa.selenium.chrome.ChromeDriverService.createDefaultService(ChromeDriverService.java:91)&#13;
	at org.openqa.selenium.chrome.ChromeDriver.&lt;init&gt;(ChromeDriver.java:123)&#13;
	at step_definition29.Test_steps29.user_is_on_Home_Page(Test_steps29.java:21)&#13;
	at ✽.User is on Home Page(Feature/Login.feature:4)&#13;
&#13;
</error>
      </testcase>
      <testcase name="Successful Login with Valid Credentials" classname="Login Action" time="0.009">
        <error>java.lang.IllegalStateException: The driver executable does not exist: C:\cucumber_27jan\com.maven_29_jan_demo23\‪C:\chromedriver_win32\chromedriver.exe&#13;
	at com.google.common.base.Preconditions.checkState(Preconditions.java:585)&#13;
	at org.openqa.selenium.remote.service.DriverService.checkExecutable(DriverService.java:137)&#13;
	at org.openqa.selenium.remote.service.DriverService.findExecutable(DriverService.java:132)&#13;
	at org.openqa.selenium.chrome.ChromeDriverService.access$000(ChromeDriverService.java:35)&#13;
	at org.openqa.selenium.chrome.ChromeDriverService$Builder.findDefaultExecutable(ChromeDriverService.java:156)&#13;
	at org.openqa.selenium.remote.service.DriverService$Builder.build(DriverService.java:346)&#13;
	at org.openqa.selenium.chrome.ChromeDriverService.createDefaultService(ChromeDriverService.java:91)&#13;
	at org.openqa.selenium.chrome.ChromeDriver.&lt;init&gt;(ChromeDriver.java:123)&#13;
	at step_definition29.Test_steps29.user_is_on_Home_Page(Test_steps29.java:21)&#13;
	at ✽.User is on Home Page(Feature/Login.feature:4)&#13;
&#13;
</error>
      </testcase>
    </testsuite>
  </testsuite>
</testrun>
